
~~~~~~~~~~~~~~~~~~~~~~~~~~~~~~~~~~~~~~~~~~~~~~~~~~~~~~~~~~~~~~~~~~~~~~~~~~~~~~~~~~~~~~~~~~~~~~~~~~~~
Table Name: Global			 Parent Name: NULL
----------------------------------------------------------------------------------------------------
Name           Type                Initial Value       Size           Offset         Nested
                                                                                                    
main           int                 -                   4              0              main
----------------------------------------------------------------------------------------------------

~~~~~~~~~~~~~~~~~~~~~~~~~~~~~~~~~~~~~~~~~~~~~~~~~~~~~~~~~~~~~~~~~~~~~~~~~~~~~~~~~~~~~~~~~~~~~~~~~~~~
Table Name: main			 Parent Name: Global
----------------------------------------------------------------------------------------------------
Name           Type                Initial Value       Size           Offset         Nested
                                                                                                    
return         int                 -                   4              0              NULL
a              int                 1                   4              4              NULL
t0             int                 1                   4              8              NULL
b              ptr(int)            -                   4              12             NULL
t1             ptr(int)                                4              16             NULL
t2             ptr(null)                               4              20             NULL
t3             int                                     4              24             NULL
t4             int                                     4              28             NULL
t5             int                 1                   4              32             NULL
t6             int                                     4              36             NULL
t7             int                 0                   4              40             NULL
t8             int                 1                   4              44             NULL
t9             int                                     4              48             NULL
t10            int                                     4              52             NULL
t11            int                 0                   4              56             NULL
t12            int                 10                  4              60             NULL
t13            int                 1                   4              64             NULL
t14            int                                     4              68             NULL
t15            int                                     4              72             NULL
t16            int                 2                   4              76             NULL
t17            int                                     4              80             NULL
t18            int                                     4              84             NULL
t19            int                 1                   4              88             NULL
t20            int                                     4              92             NULL
t21            int                                     4              96             NULL
t22            int                 1                   4              100            NULL
t23            int                                     4              104            NULL
t24            int                                     4              108            NULL
t25            int                 2                   4              112            NULL
t26            int                                     4              116            NULL
t27            int                                     4              120            NULL
----------------------------------------------------------------------------------------------------

__________________________________________________
Three Address Code: 
__________________________________________________

L0: main: 

L1:     t0 = 1

L2:     a = t0

L3:     t1 = &a

L4:     b = t1

L5:     t3 = *b

L6:     t4 = *b

L7:     t5 = 1

L8:     t6 = t4 + t5

L9:     *b = t6

L10:     t7 = 0

L11:     if a < t7 goto 14

L12:     goto 18

L13:     goto 18

L14:     t8 = 1

L15:     t9 = a + t8

L16:     a = t9

L17:     goto 18

L18:     t11 = 0

L19:     if a > t11 goto 26

L20:     goto 22

L21:     goto 25

L22:     t12 = 10

L23:     if a < t12 goto 26

L24:     goto 33

L25:     goto 39

L26:     t13 = 1

L27:     t14 = a + t13

L28:     a = t14

L29:     t16 = 2

L30:     t17 = a + t16

L31:     a = t17

L32:     goto 39

L33:     t19 = 1

L34:     t20 = a - t19

L35:     a = t20

L36:     t22 = 1

L37:     t23 = a - t22

L38:     a = t23

L39:     t25 = 2

L40:     t26 = a + t25

L41:     a = t26

__________________________________________________
