
~~~~~~~~~~~~~~~~~~~~~~~~~~~~~~~~~~~~~~~~~~~~~~~~~~~~~~~~~~~~~~~~~~~~~~~~~~~~~~~~~~~~~~~~~~~~~~~~~~~~
Table Name: Global			 Parent Name: NULL
----------------------------------------------------------------------------------------------------
Name           Type                Initial Value       Size           Offset         Nested
                                                                                                    
main           void                -                   0              0              main
----------------------------------------------------------------------------------------------------

~~~~~~~~~~~~~~~~~~~~~~~~~~~~~~~~~~~~~~~~~~~~~~~~~~~~~~~~~~~~~~~~~~~~~~~~~~~~~~~~~~~~~~~~~~~~~~~~~~~~
Table Name: main			 Parent Name: Global
----------------------------------------------------------------------------------------------------
Name           Type                Initial Value       Size           Offset         Nested
                                                                                                    
x              float               4.9                 8              0              NULL
t0             float               4.9                 8              8              NULL
a              int                 2                   4              16             NULL
t1             int                 2                   4              20             NULL
b              int                 3                   4              24             NULL
t2             int                 3                   4              28             NULL
c              int                 -                   4              32             NULL
z              float               6.8                 8              36             NULL
t3             float               6.8                 8              44             NULL
p              char                -                   1              52             NULL
t4             int                                     4              53             NULL
t5             float                                   8              57             NULL
t6             float                                   8              65             NULL
t7             int                                     4              73             NULL
t8             int                                     4              77             NULL
t9             char                                    1              81             NULL
----------------------------------------------------------------------------------------------------

__________________________________________________
Three Address Code: 
__________________________________________________

L0: main: 

L1:     t0 = 4.9

L2:     x = t0

L3:     t1 = 2

L4:     a = t1

L5:     t2 = 3

L6:     b = t2

L7:     t3 = 6.8

L8:     z = t3

L9:     t4 = a * b

L10:     t5 = int2float(t4)

L11:     x = t5

L12:     t6 = x + z

L13:     t7 = float2int(t6)

L14:     c = t7

L15:     t8 = a + b

L16:     t9 = int2char(t8)

L17:     p = t9

L18:     return 

__________________________________________________
