
~~~~~~~~~~~~~~~~~~~~~~~~~~~~~~~~~~~~~~~~~~~~~~~~~~~~~~~~~~~~~~~~~~~~~~~~~~~~~~~~~~~~~~~~~~~~~~~~~~~~
Table Name: Global			 Parent Name: NULL
----------------------------------------------------------------------------------------------------
Name           Type                Initial Value       Size           Offset         Nested
                                                                                                    
main           int                 -                   4              0              main
----------------------------------------------------------------------------------------------------

~~~~~~~~~~~~~~~~~~~~~~~~~~~~~~~~~~~~~~~~~~~~~~~~~~~~~~~~~~~~~~~~~~~~~~~~~~~~~~~~~~~~~~~~~~~~~~~~~~~~
Table Name: main			 Parent Name: Global
----------------------------------------------------------------------------------------------------
Name           Type                Initial Value       Size           Offset         Nested
                                                                                                    
return         int                 -                   4              0              NULL
arr            arr(5,int)          -                   20             4              NULL
t0             int                 5                   4              24             NULL
i              int                 0                   4              28             NULL
t1             int                 0                   4              32             NULL
t2             int                 1                   4              36             NULL
t3             int                                     4              40             NULL
t4             int                                     4              44             NULL
t5             int                 0                   4              48             NULL
t6             int                                     4              52             NULL
t7             int                 5                   4              56             NULL
t8             int                                     4              60             NULL
t9             int                                     4              64             NULL
t10            int                 1                   4              68             NULL
t11            int                                     4              72             NULL
t12            int                                     4              76             NULL
t13            int                 1                   4              80             NULL
t14            int                                     4              84             NULL
t15            int                                     4              88             NULL
sum            int                 0                   4              92             NULL
t16            int                 0                   4              96             NULL
t17            int                 1                   4              100            NULL
t18            int                                     4              104            NULL
t19            int                                     4              108            NULL
t20            int                 1                   4              112            NULL
t21            int                                     4              116            NULL
t22            int                                     4              120            NULL
t23            int                 5                   4              124            NULL
t24            int                 0                   4              128            NULL
t25            int                                     4              132            NULL
t26            int                                     4              136            NULL
t27            int                                     4              140            NULL
t28            int                                     4              144            NULL
t29            int                                     4              148            NULL
t30            int                 0                   4              152            NULL
----------------------------------------------------------------------------------------------------

__________________________________________________
Three Address Code: 
__________________________________________________

L0: main: 

L1:     t0 = 5

L2:     t1 = 0

L3:     i = t1

L4:     t2 = 1

L5:     t3 = i + t2

L6:     i = t3

L7:     t5 = 0

L8:     i = t5

L9:     t7 = 5

L10:     if i < t7 goto 15

L11:     goto 20

L12:     t8 = i

L13:     i = i + 1

L14:     goto 9

L15:     t9 = i * 4

L16:     t10 = 1

L17:     t11 = i + t10

L18:     arr[t9] = t11

L19:     goto 12

L20:     t13 = 1

L21:     t14 = i + t13

L22:     i = t14

L23:     t16 = 0

L24:     sum = t16

L25:     t17 = 1

L26:     t18 = -t17

L27:     i = t18

L28:     t20 = 1

L29:     t21 = i + t20

L30:     i = t21

L31:     t23 = 5

L32:     if i < t23 goto 35

L33:     goto 45

L34:     goto 38

L35:     t24 = 0

L36:     if sum >= t24 goto 38

L37:     goto 45

L38:     t25 = i * 4

L39:     t26 = arr[t25]

L40:     t27 = sum + t26

L41:     sum = t27

L42:     t29 = i

L43:     i = i + 1

L44:     goto 31

L45:     t30 = 0

L46:     return t30

__________________________________________________
