
~~~~~~~~~~~~~~~~~~~~~~~~~~~~~~~~~~~~~~~~~~~~~~~~~~~~~~~~~~~~~~~~~~~~~~~~~~~~~~~~~~~~~~~~~~~~~~~~~~~~
Table Name: Global			 Parent Name: NULL
----------------------------------------------------------------------------------------------------
Name           Type                Initial Value       Size           Offset         Nested
                                                                                                    
main           int                 -                   4              0              main
----------------------------------------------------------------------------------------------------

~~~~~~~~~~~~~~~~~~~~~~~~~~~~~~~~~~~~~~~~~~~~~~~~~~~~~~~~~~~~~~~~~~~~~~~~~~~~~~~~~~~~~~~~~~~~~~~~~~~~
Table Name: main			 Parent Name: Global
----------------------------------------------------------------------------------------------------
Name           Type                Initial Value       Size           Offset         Nested
                                                                                                    
return         int                 -                   4              0              NULL
i              int                 0                   4              4              NULL
t0             int                 0                   4              8              NULL
j              int                 0                   4              12             NULL
t1             int                 0                   4              16             NULL
t2             int                                     4              20             NULL
t3             int                 10                  4              24             NULL
t4             int                 0                   4              28             NULL
t5             int                                     4              32             NULL
t6             int                 0                   4              36             NULL
t7             int                                     4              40             NULL
t8             int                 10                  4              44             NULL
t9             int                                     4              48             NULL
t10            int                                     4              52             NULL
t11            int                 2                   4              56             NULL
t12            int                                     4              60             NULL
t13            int                                     4              64             NULL
t14            int                 2                   4              68             NULL
t15            int                                     4              72             NULL
t16            int                                     4              76             NULL
t17            int                                     4              80             NULL
t18            int                                     4              84             NULL
t19            int                                     4              88             NULL
t20            int                                     4              92             NULL
----------------------------------------------------------------------------------------------------

__________________________________________________
Three Address Code: 
__________________________________________________

L0: main: 

L1:     t0 = 0

L2:     i = t0

L3:     t1 = 0

L4:     j = t1

L5:     t2 = i

L6:     i = i + 1

L7:     t3 = 10

L8:     if i < t3 goto 5

L9:     goto 10

L10:     t4 = 0

L11:     if i > t4 goto 13

L12:     goto 16

L13:     t5 = i

L14:     i = i - 1

L15:     goto 10

L16:     t6 = 0

L17:     i = t6

L18:     t8 = 10

L19:     if i < t8 goto 24

L20:     goto 27

L21:     t9 = i

L22:     i = i + 1

L23:     goto 18

L24:     t10 = i

L25:     i = i + 1

L26:     goto 21

L27:     t11 = 2

L28:     t12 = i << t11

L29:     i = t12

L30:     t14 = 2

L31:     t15 = i >> t14

L32:     i = t15

L33:     t17 = i ^ i

L34:     j = t17

L35:     t19 = i | i

L36:     j = t19

__________________________________________________
