
~~~~~~~~~~~~~~~~~~~~~~~~~~~~~~~~~~~~~~~~~~~~~~~~~~~~~~~~~~~~~~~~~~~~~~~~~~~~~~~~~~~~~~~~~~~~~~~~~~~~
Table Name: Global			 Parent Name: NULL
----------------------------------------------------------------------------------------------------
Name           Type                Initial Value       Size           Offset         Nested
                                                                                                    
swap           void                -                   0              0              swap
main           int                 -                   4              0              main
----------------------------------------------------------------------------------------------------

~~~~~~~~~~~~~~~~~~~~~~~~~~~~~~~~~~~~~~~~~~~~~~~~~~~~~~~~~~~~~~~~~~~~~~~~~~~~~~~~~~~~~~~~~~~~~~~~~~~~
Table Name: swap			 Parent Name: Global
----------------------------------------------------------------------------------------------------
Name           Type                Initial Value       Size           Offset         Nested
                                                                                                    
a              ptr(int)            -                   4              0              NULL
b              ptr(int)            -                   4              4              NULL
temp           int                 -                   4              8              NULL
t0             int                                     4              12             NULL
t1             int                                     4              16             NULL
t2             int                                     4              20             NULL
t3             int                                     4              24             NULL
----------------------------------------------------------------------------------------------------

~~~~~~~~~~~~~~~~~~~~~~~~~~~~~~~~~~~~~~~~~~~~~~~~~~~~~~~~~~~~~~~~~~~~~~~~~~~~~~~~~~~~~~~~~~~~~~~~~~~~
Table Name: main			 Parent Name: Global
----------------------------------------------------------------------------------------------------
Name           Type                Initial Value       Size           Offset         Nested
                                                                                                    
return         int                 -                   4              0              NULL
a              arr(3,arr(2,arr(4,int)))-                   96             4              NULL
t0             int                 3                   4              100            NULL
t1             int                 2                   4              104            NULL
t2             int                 4                   4              108            NULL
i              int                 -                   4              112            NULL
j              int                 -                   4              116            NULL
k              int                 -                   4              120            NULL
t3             int                 0                   4              124            NULL
t4             int                                     4              128            NULL
t5             int                 0                   4              132            NULL
t6             int                                     4              136            NULL
t7             int                                     4              140            NULL
t8             int                                     4              144            NULL
t9             int                                     4              148            NULL
t10            int                 2                   4              152            NULL
t11            int                                     4              156            NULL
t12            int                                     4              160            NULL
t13            int                 0                   4              164            NULL
t14            int                                     4              168            NULL
t15            int                                     4              172            NULL
t16            int                                     4              176            NULL
t17            int                                     4              180            NULL
t18            int                 2                   4              184            NULL
t19            int                                     4              188            NULL
t20            int                                     4              192            NULL
t21            int                                     4              196            NULL
t22            int                                     4              200            NULL
swap           int                 -                   4              204            NULL
t23            ptr(int)                                4              208            NULL
t24            ptr(int)                                4              212            NULL
t25            int                                     4              216            NULL
----------------------------------------------------------------------------------------------------

__________________________________________________
Three Address Code: 
__________________________________________________

L0: swap: 

L1:     t0 = *a

L2:     temp = t0

L3:     t1 = *a

L4:     t2 = *b

L5:     *a = t2

L6:     t3 = *b

L7:     *b = temp

L8:     return 


L9: main: 

L10:     t0 = 3

L11:     t1 = 2

L12:     t2 = 4

L13:     t3 = 0

L14:     i = t3

L15:     t5 = 0

L16:     j = t5

L17:     t7 = i * 32

L18:     t9 = j * 16

L19:     t8 = t7 + t9

L20:     t10 = 2

L21:     t12 = t10 * 4

L22:     t11 = t8 + t12

L23:     t13 = 0

L24:     a[t11] = t13

L25:     t15 = i * 32

L26:     t17 = j * 16

L27:     t16 = t15 + t17

L28:     t18 = 2

L29:     t20 = t18 * 4

L30:     t19 = t16 + t20

L31:     t21 = a[t19]

L32:     k = t21

L33:     t23 = &i

L34:     param t23

L35:     t24 = &j

L36:     param t24

L37:     t25 = call swap, 2

__________________________________________________
