==============================================================================
Generated Quads for the program
  0. :t000	=	1
  1. :fac	=	t000
  2. :t001	=	t000
  3. :param	_0
  4. :t002	=	call prints, 1
  5. :t003	=	& scan
  6. :param	t003
  7. :t004	=	call readi, 1
  8. :x	=	t004
  9. :t005	=	t004
 10. :param	_1
 11. :t006	=	call prints, 1
 12. :t007	=	& scan
 13. :param	t007
 14. :t008	=	call readi, 1
 15. :y	=	t008
 16. :t009	=	t008
 17. :t010	=	0
 18. :if  y !=t010	goto 21
 19. :goto 36
 20. :goto 39
 21. :t011	=	x / y
 22. :quo	=	t011
 23. :t012	=	t011
 24. :t013	=	x % y
 25. :rem	=	t013
 26. :t014	=	t013
 27. :param	_2
 28. :t015	=	call prints, 1
 29. :param	quo
 30. :t016	=	call printi, 1
 31. :param	_3
 32. :t017	=	call prints, 1
 33. :param	rem
 34. :t018	=	call printi, 1
 35. :goto 39
 36. :param	_4
 37. :t019	=	call prints, 1
 38. :goto 39
 39. :param	_5
 40. :t020	=	call prints, 1
 41. :t021	=	& scan
 42. :param	t021
 43. :t022	=	call readi, 1
 44. :n	=	t022
 45. :t023	=	t022
 46. :t024	=	1
 47. :i	=	t024
 48. :t025	=	t024
 49. :if  i <=n	goto 55
 50. :goto 59
 51. :goto 59
 52. :t026	=	i
 53. :i	=	i + 1
 54. :goto 49
 55. :t027	=	fac * i
 56. :fac	=	t027
 57. :t028	=	t027
 58. :goto 52
 59. :param	_6
 60. :t029	=	call prints, 1
 61. :param	fac
 62. :t030	=	call printi, 1
==============================================================================
Symbol table Maintained For the Given Program
++++++++++++++++++++++++++++++++++++++++ Global ++++++++++++++++++++++++++++++++++++++++
Offset = 0
Start Quad Index = 0
End Quad Index =  0
Name	Value	var_type	size	Offset	Type

printi	null	func		0	-1	ptr-to-St( Global )Int
readi	null	func		0	-1	ptr-to-St( Global )Int
prints	null	func		0	-1	ptr-to-St( Global )Int
main	null	func		0	-1	ptr-to-St( main )Int

++++++++++++++++++++++++++++++++++++++++++++++++++++++++++++++++++++++++++++++++++++
=============================================================================
++++++++++++++++++++++++++++++++++++++++ main ++++++++++++++++++++++++++++++++++++++++
Offset = -168
Start Quad Index = 0
End Quad Index =  62
Name	Value	var_type	size	Offset	Type

retVal	null	return		4	0	Int
x	null	local		4	-4	Int
y	null	local		4	-8	Int
n	null	local		4	-12	Int
scan	null	local		4	-16	Int
quo	null	local		4	-20	Int
rem	null	local		4	-24	Int
fac	null	local		4	-28	Int
t000	1	temp		4	-32	Int
t001	null	temp		4	-36	Int
t002	null	temp		4	-40	Int
t003	null	temp		8	-48	ptr(Int)
t004	null	temp		4	-52	Int
t005	null	temp		4	-56	Int
t006	null	temp		4	-60	Int
t007	null	temp		8	-68	ptr(Int)
t008	null	temp		4	-72	Int
t009	null	temp		4	-76	Int
t010	0	temp		4	-80	Int
t011	null	temp		4	-84	Int
t012	null	temp		4	-88	Int
t013	null	temp		4	-92	Int
t014	null	temp		4	-96	Int
t015	null	temp		4	-100	Int
t016	null	temp		4	-104	Int
t017	null	temp		4	-108	Int
t018	null	temp		4	-112	Int
t019	null	temp		4	-116	Int
i	null	local		4	-120	Int
t020	null	temp		4	-124	Int
t021	null	temp		8	-132	ptr(Int)
t022	null	temp		4	-136	Int
t023	null	temp		4	-140	Int
t024	1	temp		4	-144	Int
t025	null	temp		4	-148	Int
t026	null	temp		4	-152	Int
t027	null	temp		4	-156	Int
t028	null	temp		4	-160	Int
t029	null	temp		4	-164	Int
t030	null	temp		4	-168	Int

++++++++++++++++++++++++++++++++++++++++++++++++++++++++++++++++++++++++++++++++++++
